<?xml version="1.0" encoding="UTF-8"?>
<!-- Generated by org.testng.reporters.JUnitReportReporter -->
<testsuite hostname="MSI" failures="0" tests="1" name="framework.f8" time="3.817" errors="0" timestamp="2024-09-17T10:17:53 IST" skipped="0">
  <testcase classname="framework.f8" name="form2" time="3.817"/>
</testsuite> <!-- framework.f8 -->
