<?xml version="1.0" encoding="UTF-8"?>
<!-- Generated by org.testng.reporters.JUnitReportReporter -->
<testsuite hostname="MSI" failures="0" tests="1" name="framework.f25" time="8.975" errors="0" timestamp="2024-10-05T10:17:22 IST" skipped="0">
  <testcase classname="framework.f25" name="datadriven" time="8.975"/>
</testsuite> <!-- framework.f25 -->
