<?xml version="1.0" encoding="UTF-8"?>
<!-- Generated by org.testng.reporters.JUnitReportReporter -->
<testsuite hostname="MSI" failures="0" tests="1" name="framework.f28" time="10.216" errors="0" timestamp="2024-10-08T10:54:05 IST" skipped="0">
  <testcase classname="framework.f28" name="datadriven" time="10.216"/>
</testsuite> <!-- framework.f28 -->
