<?xml version="1.0" encoding="UTF-8"?>
<!-- Generated by org.testng.reporters.JUnitReportReporter -->
<testsuite hostname="MSI" failures="0" tests="1" name="framework.f22" time="11.075" errors="0" timestamp="2024-10-03T10:55:31 IST" skipped="0">
  <testcase classname="framework.f22" name="datadriven" time="11.075"/>
</testsuite> <!-- framework.f22 -->
