<?xml version="1.0" encoding="UTF-8"?>
<!-- Generated by org.testng.reporters.JUnitReportReporter -->
<testsuite hostname="MSI" failures="0" tests="1" name="framework.f27" time="10.550" errors="0" timestamp="2024-10-08T10:03:09 IST" skipped="0">
  <testcase classname="framework.f27" name="datadriven" time="10.550"/>
</testsuite> <!-- framework.f27 -->
