<?xml version="1.0" encoding="UTF-8"?>
<!-- Generated by org.testng.reporters.JUnitReportReporter -->
<testsuite hostname="MSI" failures="0" tests="1" name="framework.f6" time="6.768" errors="0" timestamp="2024-09-24T10:34:47 IST" skipped="0">
  <testcase classname="framework.f6" name="form2" time="6.768"/>
</testsuite> <!-- framework.f6 -->
