<?xml version="1.0" encoding="UTF-8"?>
<!-- Generated by org.testng.reporters.JUnitReportReporter -->
<testsuite hostname="MSI" failures="0" tests="4" name="framework.f3" time="13.232" errors="0" timestamp="2024-09-12T10:33:46 IST" skipped="0">
  <testcase classname="framework.f3" name="swaglab" time="2.687"/>
  <testcase classname="framework.f3" name="swaglab" time="1.899"/>
  <testcase classname="framework.f3" name="swaglab" time="1.524"/>
  <testcase classname="framework.f3" name="swaglab" time="7.122"/>
</testsuite> <!-- framework.f3 -->
