<?xml version="1.0" encoding="UTF-8"?>
<!-- Generated by org.testng.reporters.JUnitReportReporter -->
<testsuite hostname="MSI" failures="0" tests="1" name="framework.f29" time="2.519" errors="0" timestamp="2024-10-17T09:59:52 IST" skipped="0">
  <testcase classname="framework.f29" name="swaglab" time="2.519"/>
</testsuite> <!-- framework.f29 -->
