<?xml version="1.0" encoding="UTF-8"?>
<!-- Generated by org.testng.reporters.JUnitReportReporter -->
<testsuite hostname="MSI" failures="0" tests="1" name="framework.f30" time="6.451" errors="0" timestamp="2024-10-22T09:39:00 IST" skipped="0">
  <testcase classname="framework.f30" name="xyzbank" time="6.451"/>
</testsuite> <!-- framework.f30 -->
