<?xml version="1.0" encoding="UTF-8"?>
<!-- Generated by org.testng.reporters.JUnitReportReporter -->
<testsuite hostname="MSI" failures="0" tests="1" name="framework.f9" time="6.441" errors="0" timestamp="2024-09-17T10:22:14 IST" skipped="0">
  <testcase classname="framework.f9" name="form2" time="6.441"/>
</testsuite> <!-- framework.f9 -->
