<?xml version="1.0" encoding="UTF-8"?>
<!-- Generated by org.testng.reporters.JUnitReportReporter -->
<testsuite hostname="MSI" failures="0" tests="1" name="framework.f26" time="9.511" errors="0" timestamp="2024-10-08T09:25:48 IST" skipped="0">
  <testcase classname="framework.f26" name="datadriven" time="9.511"/>
</testsuite> <!-- framework.f26 -->
