<?xml version="1.0" encoding="UTF-8"?>
<!-- Generated by org.testng.reporters.JUnitReportReporter -->
<testsuite hostname="MSI" failures="0" tests="1" name="framework.f11" time="3.949" errors="0" timestamp="2024-09-17T10:47:00 IST" skipped="0">
  <testcase classname="framework.f11" name="form6" time="3.949"/>
</testsuite> <!-- framework.f11 -->
