<?xml version="1.0" encoding="UTF-8"?>
<!-- Generated by org.testng.reporters.JUnitReportReporter -->
<testsuite hostname="MSI" failures="0" tests="1" name="framework.f18" time="3.848" errors="0" timestamp="2024-09-17T11:26:06 IST" skipped="0">
  <testcase classname="framework.f18" name="form6" time="3.848"/>
</testsuite> <!-- framework.f18 -->
