<?xml version="1.0" encoding="UTF-8"?>
<!-- Generated by org.testng.reporters.JUnitReportReporter -->
<testsuite hostname="MSI" failures="0" tests="1" name="framework.frame1" time="0.005" errors="0" timestamp="2024-09-05T12:10:40 IST" skipped="0">
  <testcase classname="framework.frame1" name="function" time="0.005"/>
</testsuite> <!-- framework.frame1 -->
