<?xml version="1.0" encoding="UTF-8"?>
<!-- Generated by org.testng.reporters.JUnitReportReporter -->
<testsuite hostname="MSI" failures="0" tests="1" name="framework.f10" time="5.972" errors="0" timestamp="2024-09-17T10:36:49 IST" skipped="0">
  <testcase classname="framework.f10" name="form6" time="5.972"/>
</testsuite> <!-- framework.f10 -->
