<?xml version="1.0" encoding="UTF-8"?>
<!-- Generated by org.testng.reporters.JUnitReportReporter -->
<testsuite hostname="MSI" failures="0" tests="1" name="framework.f24" time="30.020" errors="0" timestamp="2024-10-05T09:58:41 IST" skipped="0">
  <testcase classname="framework.f24" name="datadriven" time="30.020"/>
</testsuite> <!-- framework.f24 -->
