<?xml version="1.0" encoding="UTF-8"?>
<!-- Generated by org.testng.reporters.JUnitReportReporter -->
<testsuite hostname="MSI" failures="0" tests="1" name="framework.f23" time="18.391" errors="0" timestamp="2024-10-03T11:52:33 IST" skipped="0">
  <testcase classname="framework.f23" name="datadriven" time="18.391"/>
</testsuite> <!-- framework.f23 -->
