<?xml version="1.0" encoding="UTF-8"?>
<!-- Generated by org.testng.reporters.JUnitReportReporter -->
<testsuite hostname="MSI" failures="0" tests="1" name="framework.f14" time="3.678" errors="0" timestamp="2024-09-17T11:11:44 IST" skipped="0">
  <testcase classname="framework.f14" name="form6" time="3.678"/>
</testsuite> <!-- framework.f14 -->
