<?xml version="1.0" encoding="UTF-8"?>
<!-- Generated by org.testng.reporters.JUnitReportReporter -->
<testsuite hostname="MSI" failures="0" tests="1" name="framework.f2" time="19.573" errors="0" timestamp="2024-09-12T09:34:10 IST" skipped="0">
  <testcase classname="framework.f2" name="parabank" time="19.573"/>
</testsuite> <!-- framework.f2 -->
